C51 COMPILER V9.60.7.0   16_BIT_ADDITION                                                   11/19/2024 15:06:54 PAGE 1   


C51 COMPILER V9.60.7.0, COMPILATION OF MODULE 16_BIT_ADDITION
OBJECT MODULE PLACED IN .\Objects\16_bit_addition.obj
COMPILER INVOKED BY: C:\Keil_v5\C51\BIN\C51.EXE 16_bit_addition.c OPTIMIZE(8,SPEED) BROWSE DEBUG OBJECTEXTEND PRINT(.\Li
                    -stings\16_bit_addition.lst) TABS(2) OBJECT(.\Objects\16_bit_addition.obj)

line level    source

   1          #include <reg51.h>
   2          
   3          void delay(int opt);
   4          
   5          sbit b = P2^5;
   6          
   7          void main(){
   8   1        unsigned int x = P1;
   9   1        while(1){
  10   2          b = 1;
  11   2          delay(1);
  12   2          b = 0;
  13   2          delay(2);
  14   2        }
  15   1      }
  16          
  17          void delay(int opt){
  18   1        int i;
  19   1        
  20   1        //3 millisecond delay
  21   1        if(opt==1){
  22   2          TL0 = 0x3F;
  23   2          TH0 = 0xF3;
  24   2          TMOD = 0x01;
  25   2          TR0 = 1;
  26   2          
  27   2          while(TF0==0);
  28   2          TR0 = 0;
  29   2          TF0 = 0;
  30   2        }
  31   1        
  32   1        //10 ms delay
  33   1        
  34   1        if(opt==2){
  35   2          TL0 = 0xFF;
  36   2          TH0 = 0xDB;
  37   2          TMOD = 0x01;
  38   2          TR0 = 1;
  39   2          
  40   2          while(TF0==0);
  41   2          TR0 = 0;
  42   2          TF0 = 0;
  43   2        }
  44   1      }
*** WARNING C280 IN LINE 18 OF 16_bit_addition.c: 'i': unreferenced local variable


MODULE INFORMATION:   STATIC OVERLAYABLE
   CODE SIZE        =     76    ----
   CONSTANT SIZE    =   ----    ----
   XDATA SIZE       =   ----    ----
   PDATA SIZE       =   ----    ----
   DATA SIZE        =   ----       4
   IDATA SIZE       =   ----    ----
C51 COMPILER V9.60.7.0   16_BIT_ADDITION                                                   11/19/2024 15:06:54 PAGE 2   

   BIT SIZE         =   ----    ----
END OF MODULE INFORMATION.


C51 COMPILATION COMPLETE.  1 WARNING(S),  0 ERROR(S)
